Determining if the pthread_create exist failed with the following output:
Change Dir: /media/psf/Dropbox/Projects/mlbridge_ros/catkin_ws/build/CMakeFiles/CMakeTmp

Run Build Command:"/usr/bin/make" "cmTC_059b3/fast"
/usr/bin/make -f CMakeFiles/cmTC_059b3.dir/build.make CMakeFiles/cmTC_059b3.dir/build
make[1]: Entering directory '/media/psf/Dropbox/Projects/mlbridge_ros/catkin_ws/build/CMakeFiles/CMakeTmp'
make[1]: Warning: File 'CMakeFiles/cmTC_059b3.dir/progress.make' has modification time 0.9 s in the future
Building C object CMakeFiles/cmTC_059b3.dir/CheckSymbolExists.c.o
/usr/bin/cc     -o CMakeFiles/cmTC_059b3.dir/CheckSymbolExists.c.o   -c /media/psf/Dropbox/Projects/mlbridge_ros/catkin_ws/build/CMakeFiles/CMakeTmp/CheckSymbolExists.c
Linking C executable cmTC_059b3
/usr/bin/cmake -E cmake_link_script CMakeFiles/cmTC_059b3.dir/link.txt --verbose=1
/usr/bin/cc       CMakeFiles/cmTC_059b3.dir/CheckSymbolExists.c.o  -o cmTC_059b3 -rdynamic 
CMakeFiles/cmTC_059b3.dir/CheckSymbolExists.c.o: In function `main':
CheckSymbolExists.c:(.text+0x16): undefined reference to `pthread_create'
collect2: error: ld returned 1 exit status
CMakeFiles/cmTC_059b3.dir/build.make:97: recipe for target 'cmTC_059b3' failed
make[1]: *** [cmTC_059b3] Error 1
make[1]: Leaving directory '/media/psf/Dropbox/Projects/mlbridge_ros/catkin_ws/build/CMakeFiles/CMakeTmp'
Makefile:126: recipe for target 'cmTC_059b3/fast' failed
make: *** [cmTC_059b3/fast] Error 2

File /media/psf/Dropbox/Projects/mlbridge_ros/catkin_ws/build/CMakeFiles/CMakeTmp/CheckSymbolExists.c:
/* */
#include <pthread.h>

int main(int argc, char** argv)
{
  (void)argv;
#ifndef pthread_create
  return ((int*)(&pthread_create))[argc];
#else
  (void)argc;
  return 0;
#endif
}

Determining if the function pthread_create exists in the pthreads failed with the following output:
Change Dir: /media/psf/Dropbox/Projects/mlbridge_ros/catkin_ws/build/CMakeFiles/CMakeTmp

Run Build Command:"/usr/bin/make" "cmTC_dd4ac/fast"
/usr/bin/make -f CMakeFiles/cmTC_dd4ac.dir/build.make CMakeFiles/cmTC_dd4ac.dir/build
make[1]: Entering directory '/media/psf/Dropbox/Projects/mlbridge_ros/catkin_ws/build/CMakeFiles/CMakeTmp'
Building C object CMakeFiles/cmTC_dd4ac.dir/CheckFunctionExists.c.o
/usr/bin/cc    -DCHECK_FUNCTION_EXISTS=pthread_create   -o CMakeFiles/cmTC_dd4ac.dir/CheckFunctionExists.c.o   -c /usr/share/cmake-3.5/Modules/CheckFunctionExists.c
Linking C executable cmTC_dd4ac
/usr/bin/cmake -E cmake_link_script CMakeFiles/cmTC_dd4ac.dir/link.txt --verbose=1
/usr/bin/cc   -DCHECK_FUNCTION_EXISTS=pthread_create    CMakeFiles/cmTC_dd4ac.dir/CheckFunctionExists.c.o  -o cmTC_dd4ac -rdynamic -lpthreads 
/usr/bin/ld: cannot find -lpthreads
collect2: error: ld returned 1 exit status
CMakeFiles/cmTC_dd4ac.dir/build.make:97: recipe for target 'cmTC_dd4ac' failed
make[1]: *** [cmTC_dd4ac] Error 1
make[1]: Leaving directory '/media/psf/Dropbox/Projects/mlbridge_ros/catkin_ws/build/CMakeFiles/CMakeTmp'
Makefile:126: recipe for target 'cmTC_dd4ac/fast' failed
make: *** [cmTC_dd4ac/fast] Error 2


